Performing C SOURCE FILE Test CHECK_CPU_ARCHITECTURE_X86 failed with the following output:
Change Dir: /home/jaros/gitProjects/c++/TDgame/build/CMakeFiles/CMakeTmp

Run Build Command(s):/usr/bin/gmake -f Makefile cmTC_f427c/fast && /usr/bin/gmake  -f CMakeFiles/cmTC_f427c.dir/build.make CMakeFiles/cmTC_f427c.dir/build
gmake[1]: Entering directory '/home/jaros/gitProjects/c++/TDgame/build/CMakeFiles/CMakeTmp'
Building C object CMakeFiles/cmTC_f427c.dir/src.c.o
/usr/bin/gcc -DCHECK_CPU_ARCHITECTURE_X86   -o CMakeFiles/cmTC_f427c.dir/src.c.o -c /home/jaros/gitProjects/c++/TDgame/build/CMakeFiles/CMakeTmp/src.c
/home/jaros/gitProjects/c++/TDgame/build/CMakeFiles/CMakeTmp/src.c: In function ‘main’:
/home/jaros/gitProjects/c++/TDgame/build/CMakeFiles/CMakeTmp/src.c:6:3: error: ‘choke’ undeclared (first use in this function)
    6 |   choke
      |   ^~~~~
/home/jaros/gitProjects/c++/TDgame/build/CMakeFiles/CMakeTmp/src.c:6:3: note: each undeclared identifier is reported only once for each function it appears in
/home/jaros/gitProjects/c++/TDgame/build/CMakeFiles/CMakeTmp/src.c:6:8: error: expected ‘;’ before ‘}’ token
    6 |   choke
      |        ^
      |        ;
    7 | #endif
    8 | }
      | ~       
gmake[1]: *** [CMakeFiles/cmTC_f427c.dir/build.make:78: CMakeFiles/cmTC_f427c.dir/src.c.o] Error 1
gmake[1]: Leaving directory '/home/jaros/gitProjects/c++/TDgame/build/CMakeFiles/CMakeTmp'
gmake: *** [Makefile:127: cmTC_f427c/fast] Error 2


Source file was:

int main(int argc, char *argv[]) {
#if defined(__i386__) || defined(__i486__) || defined(__i586__) || defined(__i686__) ||defined( __i386) || defined(_M_IX86)
  return 0;
#else
  choke
#endif
}

Performing C SOURCE FILE Test CHECK_CPU_ARCHITECTURE_ARM32 failed with the following output:
Change Dir: /home/jaros/gitProjects/c++/TDgame/build/CMakeFiles/CMakeTmp

Run Build Command(s):/usr/bin/gmake -f Makefile cmTC_d2acb/fast && /usr/bin/gmake  -f CMakeFiles/cmTC_d2acb.dir/build.make CMakeFiles/cmTC_d2acb.dir/build
gmake[1]: Entering directory '/home/jaros/gitProjects/c++/TDgame/build/CMakeFiles/CMakeTmp'
Building C object CMakeFiles/cmTC_d2acb.dir/src.c.o
/usr/bin/gcc -DCHECK_CPU_ARCHITECTURE_ARM32   -o CMakeFiles/cmTC_d2acb.dir/src.c.o -c /home/jaros/gitProjects/c++/TDgame/build/CMakeFiles/CMakeTmp/src.c
/home/jaros/gitProjects/c++/TDgame/build/CMakeFiles/CMakeTmp/src.c: In function ‘main’:
/home/jaros/gitProjects/c++/TDgame/build/CMakeFiles/CMakeTmp/src.c:6:3: error: ‘choke’ undeclared (first use in this function)
    6 |   choke
      |   ^~~~~
/home/jaros/gitProjects/c++/TDgame/build/CMakeFiles/CMakeTmp/src.c:6:3: note: each undeclared identifier is reported only once for each function it appears in
/home/jaros/gitProjects/c++/TDgame/build/CMakeFiles/CMakeTmp/src.c:6:8: error: expected ‘;’ before ‘}’ token
    6 |   choke
      |        ^
      |        ;
    7 | #endif
    8 | }
      | ~       
gmake[1]: *** [CMakeFiles/cmTC_d2acb.dir/build.make:78: CMakeFiles/cmTC_d2acb.dir/src.c.o] Error 1
gmake[1]: Leaving directory '/home/jaros/gitProjects/c++/TDgame/build/CMakeFiles/CMakeTmp'
gmake: *** [Makefile:127: cmTC_d2acb/fast] Error 2


Source file was:

int main(int argc, char *argv[]) {
#if defined(__arm__) || defined(_M_ARM)
  return 0;
#else
  choke
#endif
}

Performing C SOURCE FILE Test CHECK_CPU_ARCHITECTURE_ARM64 failed with the following output:
Change Dir: /home/jaros/gitProjects/c++/TDgame/build/CMakeFiles/CMakeTmp

Run Build Command(s):/usr/bin/gmake -f Makefile cmTC_d6021/fast && /usr/bin/gmake  -f CMakeFiles/cmTC_d6021.dir/build.make CMakeFiles/cmTC_d6021.dir/build
gmake[1]: Entering directory '/home/jaros/gitProjects/c++/TDgame/build/CMakeFiles/CMakeTmp'
Building C object CMakeFiles/cmTC_d6021.dir/src.c.o
/usr/bin/gcc -DCHECK_CPU_ARCHITECTURE_ARM64   -o CMakeFiles/cmTC_d6021.dir/src.c.o -c /home/jaros/gitProjects/c++/TDgame/build/CMakeFiles/CMakeTmp/src.c
/home/jaros/gitProjects/c++/TDgame/build/CMakeFiles/CMakeTmp/src.c: In function ‘main’:
/home/jaros/gitProjects/c++/TDgame/build/CMakeFiles/CMakeTmp/src.c:6:3: error: ‘choke’ undeclared (first use in this function)
    6 |   choke
      |   ^~~~~
/home/jaros/gitProjects/c++/TDgame/build/CMakeFiles/CMakeTmp/src.c:6:3: note: each undeclared identifier is reported only once for each function it appears in
/home/jaros/gitProjects/c++/TDgame/build/CMakeFiles/CMakeTmp/src.c:6:8: error: expected ‘;’ before ‘}’ token
    6 |   choke
      |        ^
      |        ;
    7 | #endif
    8 | }
      | ~       
gmake[1]: *** [CMakeFiles/cmTC_d6021.dir/build.make:78: CMakeFiles/cmTC_d6021.dir/src.c.o] Error 1
gmake[1]: Leaving directory '/home/jaros/gitProjects/c++/TDgame/build/CMakeFiles/CMakeTmp'
gmake: *** [Makefile:127: cmTC_d6021/fast] Error 2


Source file was:

int main(int argc, char *argv[]) {
#if defined(__aarch64__) || defined(_M_ARM64)
  return 0;
#else
  choke
#endif
}

Performing C SOURCE FILE Test CHECK_CPU_ARCHITECTURE_LOONGARCH64 failed with the following output:
Change Dir: /home/jaros/gitProjects/c++/TDgame/build/CMakeFiles/CMakeTmp

Run Build Command(s):/usr/bin/gmake -f Makefile cmTC_1b00e/fast && /usr/bin/gmake  -f CMakeFiles/cmTC_1b00e.dir/build.make CMakeFiles/cmTC_1b00e.dir/build
gmake[1]: Entering directory '/home/jaros/gitProjects/c++/TDgame/build/CMakeFiles/CMakeTmp'
Building C object CMakeFiles/cmTC_1b00e.dir/src.c.o
/usr/bin/gcc -DCHECK_CPU_ARCHITECTURE_LOONGARCH64   -o CMakeFiles/cmTC_1b00e.dir/src.c.o -c /home/jaros/gitProjects/c++/TDgame/build/CMakeFiles/CMakeTmp/src.c
/home/jaros/gitProjects/c++/TDgame/build/CMakeFiles/CMakeTmp/src.c: In function ‘main’:
/home/jaros/gitProjects/c++/TDgame/build/CMakeFiles/CMakeTmp/src.c:6:3: error: ‘choke’ undeclared (first use in this function)
    6 |   choke
      |   ^~~~~
/home/jaros/gitProjects/c++/TDgame/build/CMakeFiles/CMakeTmp/src.c:6:3: note: each undeclared identifier is reported only once for each function it appears in
/home/jaros/gitProjects/c++/TDgame/build/CMakeFiles/CMakeTmp/src.c:6:8: error: expected ‘;’ before ‘}’ token
    6 |   choke
      |        ^
      |        ;
    7 | #endif
    8 | }
      | ~       
gmake[1]: *** [CMakeFiles/cmTC_1b00e.dir/build.make:78: CMakeFiles/cmTC_1b00e.dir/src.c.o] Error 1
gmake[1]: Leaving directory '/home/jaros/gitProjects/c++/TDgame/build/CMakeFiles/CMakeTmp'
gmake: *** [Makefile:127: cmTC_1b00e/fast] Error 2


Source file was:

int main(int argc, char *argv[]) {
#if defined(__loongarch64)
  return 0;
#else
  choke
#endif
}

Performing C SOURCE FILE Test HAVE_GCC_PREFERRED_STACK_BOUNDARY failed with the following output:
Change Dir: /home/jaros/gitProjects/c++/TDgame/build/CMakeFiles/CMakeTmp

Run Build Command(s):/usr/bin/gmake -f Makefile cmTC_61da6/fast && /usr/bin/gmake  -f CMakeFiles/cmTC_61da6.dir/build.make CMakeFiles/cmTC_61da6.dir/build
gmake[1]: Entering directory '/home/jaros/gitProjects/c++/TDgame/build/CMakeFiles/CMakeTmp'
Building C object CMakeFiles/cmTC_61da6.dir/src.c.o
/usr/bin/gcc -DHAVE_GCC_PREFERRED_STACK_BOUNDARY  -idirafter "/home/jaros/gitProjects/c++/TDgame/libs/SDL/src/video/khronos" -mpreferred-stack-boundary=2 -o CMakeFiles/cmTC_61da6.dir/src.c.o -c /home/jaros/gitProjects/c++/TDgame/build/CMakeFiles/CMakeTmp/src.c
cc1: error: ‘-mpreferred-stack-boundary=2’ is not between 3 and 12
gmake[1]: *** [CMakeFiles/cmTC_61da6.dir/build.make:78: CMakeFiles/cmTC_61da6.dir/src.c.o] Error 1
gmake[1]: Leaving directory '/home/jaros/gitProjects/c++/TDgame/build/CMakeFiles/CMakeTmp'
gmake: *** [Makefile:127: cmTC_61da6/fast] Error 2


Source file was:
int x = 0; int main(int argc, char **argv) { return 0; }
Performing C SOURCE FILE Test HAVE_ALTIVEC_H_HDR failed with the following output:
Change Dir: /home/jaros/gitProjects/c++/TDgame/build/CMakeFiles/CMakeTmp

Run Build Command(s):/usr/bin/gmake -f Makefile cmTC_ee4f1/fast && /usr/bin/gmake  -f CMakeFiles/cmTC_ee4f1.dir/build.make CMakeFiles/cmTC_ee4f1.dir/build
gmake[1]: Entering directory '/home/jaros/gitProjects/c++/TDgame/build/CMakeFiles/CMakeTmp'
Building C object CMakeFiles/cmTC_ee4f1.dir/src.c.o
/usr/bin/gcc -DHAVE_ALTIVEC_H_HDR  -idirafter "/home/jaros/gitProjects/c++/TDgame/libs/SDL/src/video/khronos" -maltivec -o CMakeFiles/cmTC_ee4f1.dir/src.c.o -c /home/jaros/gitProjects/c++/TDgame/build/CMakeFiles/CMakeTmp/src.c
gcc: error: unrecognized command-line option ‘-maltivec’
gmake[1]: *** [CMakeFiles/cmTC_ee4f1.dir/build.make:78: CMakeFiles/cmTC_ee4f1.dir/src.c.o] Error 1
gmake[1]: Leaving directory '/home/jaros/gitProjects/c++/TDgame/build/CMakeFiles/CMakeTmp'
gmake: *** [Makefile:127: cmTC_ee4f1/fast] Error 2


Source file was:

          #include <altivec.h>
          vector unsigned int vzero() {
              return vec_splat_u32(0);
          }
          int main(int argc, char **argv) { return 0; }
Performing C SOURCE FILE Test CPU_SUPPORTS_ALTIVEC failed with the following output:
Change Dir: /home/jaros/gitProjects/c++/TDgame/build/CMakeFiles/CMakeTmp

Run Build Command(s):/usr/bin/gmake -f Makefile cmTC_b274a/fast && /usr/bin/gmake  -f CMakeFiles/cmTC_b274a.dir/build.make CMakeFiles/cmTC_b274a.dir/build
gmake[1]: Entering directory '/home/jaros/gitProjects/c++/TDgame/build/CMakeFiles/CMakeTmp'
Building C object CMakeFiles/cmTC_b274a.dir/src.c.o
/usr/bin/gcc -DCPU_SUPPORTS_ALTIVEC  -idirafter "/home/jaros/gitProjects/c++/TDgame/libs/SDL/src/video/khronos" -maltivec -o CMakeFiles/cmTC_b274a.dir/src.c.o -c /home/jaros/gitProjects/c++/TDgame/build/CMakeFiles/CMakeTmp/src.c
gcc: error: unrecognized command-line option ‘-maltivec’
gmake[1]: *** [CMakeFiles/cmTC_b274a.dir/build.make:78: CMakeFiles/cmTC_b274a.dir/src.c.o] Error 1
gmake[1]: Leaving directory '/home/jaros/gitProjects/c++/TDgame/build/CMakeFiles/CMakeTmp'
gmake: *** [Makefile:127: cmTC_b274a/fast] Error 2


Source file was:

          vector unsigned int vzero() {
              return vec_splat_u32(0);
          }
          int main(int argc, char **argv) { return 0; }
Determining if the include file libunwind.h exists failed with the following output:
Change Dir: /home/jaros/gitProjects/c++/TDgame/build/CMakeFiles/CMakeTmp

Run Build Command(s):/usr/bin/gmake -f Makefile cmTC_eb8db/fast && /usr/bin/gmake  -f CMakeFiles/cmTC_eb8db.dir/build.make CMakeFiles/cmTC_eb8db.dir/build
gmake[1]: Entering directory '/home/jaros/gitProjects/c++/TDgame/build/CMakeFiles/CMakeTmp'
Building C object CMakeFiles/cmTC_eb8db.dir/CheckIncludeFile.c.o
/usr/bin/gcc   -idirafter "/home/jaros/gitProjects/c++/TDgame/libs/SDL/src/video/khronos"  -o CMakeFiles/cmTC_eb8db.dir/CheckIncludeFile.c.o -c /home/jaros/gitProjects/c++/TDgame/build/CMakeFiles/CMakeTmp/CheckIncludeFile.c
/home/jaros/gitProjects/c++/TDgame/build/CMakeFiles/CMakeTmp/CheckIncludeFile.c:1:10: fatal error: libunwind.h: No such file or directory
    1 | #include <libunwind.h>
      |          ^~~~~~~~~~~~~
compilation terminated.
gmake[1]: *** [CMakeFiles/cmTC_eb8db.dir/build.make:78: CMakeFiles/cmTC_eb8db.dir/CheckIncludeFile.c.o] Error 1
gmake[1]: Leaving directory '/home/jaros/gitProjects/c++/TDgame/build/CMakeFiles/CMakeTmp'
gmake: *** [Makefile:127: cmTC_eb8db/fast] Error 2



Determining if the strlcpy exist failed with the following output:
Change Dir: /home/jaros/gitProjects/c++/TDgame/build/CMakeFiles/CMakeTmp

Run Build Command(s):/usr/bin/gmake -f Makefile cmTC_1e5ec/fast && /usr/bin/gmake  -f CMakeFiles/cmTC_1e5ec.dir/build.make CMakeFiles/cmTC_1e5ec.dir/build
gmake[1]: Entering directory '/home/jaros/gitProjects/c++/TDgame/build/CMakeFiles/CMakeTmp'
Building C object CMakeFiles/cmTC_1e5ec.dir/CheckSymbolExists.c.o
/usr/bin/gcc   -idirafter "/home/jaros/gitProjects/c++/TDgame/libs/SDL/src/video/khronos"  -o CMakeFiles/cmTC_1e5ec.dir/CheckSymbolExists.c.o -c /home/jaros/gitProjects/c++/TDgame/build/CMakeFiles/CMakeTmp/CheckSymbolExists.c
/home/jaros/gitProjects/c++/TDgame/build/CMakeFiles/CMakeTmp/CheckSymbolExists.c: In function ‘main’:
/home/jaros/gitProjects/c++/TDgame/build/CMakeFiles/CMakeTmp/CheckSymbolExists.c:14:19: error: ‘strlcpy’ undeclared (first use in this function); did you mean ‘strncpy’?
   14 |   return ((int*)(&strlcpy))[argc];
      |                   ^~~~~~~
      |                   strncpy
/home/jaros/gitProjects/c++/TDgame/build/CMakeFiles/CMakeTmp/CheckSymbolExists.c:14:19: note: each undeclared identifier is reported only once for each function it appears in
gmake[1]: *** [CMakeFiles/cmTC_1e5ec.dir/build.make:78: CMakeFiles/cmTC_1e5ec.dir/CheckSymbolExists.c.o] Error 1
gmake[1]: Leaving directory '/home/jaros/gitProjects/c++/TDgame/build/CMakeFiles/CMakeTmp'
gmake: *** [Makefile:127: cmTC_1e5ec/fast] Error 2


File /home/jaros/gitProjects/c++/TDgame/build/CMakeFiles/CMakeTmp/CheckSymbolExists.c:
/* */
#include <stddef.h>
#include <stdarg.h>
#include <stdlib.h>
#include <string.h>
#include <stdio.h>
#include <wchar.h>
#include <float.h>

int main(int argc, char** argv)
{
  (void)argv;
#ifndef strlcpy
  return ((int*)(&strlcpy))[argc];
#else
  (void)argc;
  return 0;
#endif
}
Determining if the strlcat exist failed with the following output:
Change Dir: /home/jaros/gitProjects/c++/TDgame/build/CMakeFiles/CMakeTmp

Run Build Command(s):/usr/bin/gmake -f Makefile cmTC_74567/fast && /usr/bin/gmake  -f CMakeFiles/cmTC_74567.dir/build.make CMakeFiles/cmTC_74567.dir/build
gmake[1]: Entering directory '/home/jaros/gitProjects/c++/TDgame/build/CMakeFiles/CMakeTmp'
Building C object CMakeFiles/cmTC_74567.dir/CheckSymbolExists.c.o
/usr/bin/gcc   -idirafter "/home/jaros/gitProjects/c++/TDgame/libs/SDL/src/video/khronos"  -o CMakeFiles/cmTC_74567.dir/CheckSymbolExists.c.o -c /home/jaros/gitProjects/c++/TDgame/build/CMakeFiles/CMakeTmp/CheckSymbolExists.c
/home/jaros/gitProjects/c++/TDgame/build/CMakeFiles/CMakeTmp/CheckSymbolExists.c: In function ‘main’:
/home/jaros/gitProjects/c++/TDgame/build/CMakeFiles/CMakeTmp/CheckSymbolExists.c:14:19: error: ‘strlcat’ undeclared (first use in this function); did you mean ‘strncat’?
   14 |   return ((int*)(&strlcat))[argc];
      |                   ^~~~~~~
      |                   strncat
/home/jaros/gitProjects/c++/TDgame/build/CMakeFiles/CMakeTmp/CheckSymbolExists.c:14:19: note: each undeclared identifier is reported only once for each function it appears in
gmake[1]: *** [CMakeFiles/cmTC_74567.dir/build.make:78: CMakeFiles/cmTC_74567.dir/CheckSymbolExists.c.o] Error 1
gmake[1]: Leaving directory '/home/jaros/gitProjects/c++/TDgame/build/CMakeFiles/CMakeTmp'
gmake: *** [Makefile:127: cmTC_74567/fast] Error 2


File /home/jaros/gitProjects/c++/TDgame/build/CMakeFiles/CMakeTmp/CheckSymbolExists.c:
/* */
#include <stddef.h>
#include <stdarg.h>
#include <stdlib.h>
#include <string.h>
#include <stdio.h>
#include <wchar.h>
#include <float.h>

int main(int argc, char** argv)
{
  (void)argv;
#ifndef strlcat
  return ((int*)(&strlcat))[argc];
#else
  (void)argc;
  return 0;
#endif
}
Determining if the _strrev exist failed with the following output:
Change Dir: /home/jaros/gitProjects/c++/TDgame/build/CMakeFiles/CMakeTmp

Run Build Command(s):/usr/bin/gmake -f Makefile cmTC_56449/fast && /usr/bin/gmake  -f CMakeFiles/cmTC_56449.dir/build.make CMakeFiles/cmTC_56449.dir/build
gmake[1]: Entering directory '/home/jaros/gitProjects/c++/TDgame/build/CMakeFiles/CMakeTmp'
Building C object CMakeFiles/cmTC_56449.dir/CheckSymbolExists.c.o
/usr/bin/gcc   -idirafter "/home/jaros/gitProjects/c++/TDgame/libs/SDL/src/video/khronos"  -o CMakeFiles/cmTC_56449.dir/CheckSymbolExists.c.o -c /home/jaros/gitProjects/c++/TDgame/build/CMakeFiles/CMakeTmp/CheckSymbolExists.c
/home/jaros/gitProjects/c++/TDgame/build/CMakeFiles/CMakeTmp/CheckSymbolExists.c: In function ‘main’:
/home/jaros/gitProjects/c++/TDgame/build/CMakeFiles/CMakeTmp/CheckSymbolExists.c:14:19: error: ‘_strrev’ undeclared (first use in this function)
   14 |   return ((int*)(&_strrev))[argc];
      |                   ^~~~~~~
/home/jaros/gitProjects/c++/TDgame/build/CMakeFiles/CMakeTmp/CheckSymbolExists.c:14:19: note: each undeclared identifier is reported only once for each function it appears in
gmake[1]: *** [CMakeFiles/cmTC_56449.dir/build.make:78: CMakeFiles/cmTC_56449.dir/CheckSymbolExists.c.o] Error 1
gmake[1]: Leaving directory '/home/jaros/gitProjects/c++/TDgame/build/CMakeFiles/CMakeTmp'
gmake: *** [Makefile:127: cmTC_56449/fast] Error 2


File /home/jaros/gitProjects/c++/TDgame/build/CMakeFiles/CMakeTmp/CheckSymbolExists.c:
/* */
#include <stddef.h>
#include <stdarg.h>
#include <stdlib.h>
#include <string.h>
#include <stdio.h>
#include <wchar.h>
#include <float.h>

int main(int argc, char** argv)
{
  (void)argv;
#ifndef _strrev
  return ((int*)(&_strrev))[argc];
#else
  (void)argc;
  return 0;
#endif
}
Determining if the _strupr exist failed with the following output:
Change Dir: /home/jaros/gitProjects/c++/TDgame/build/CMakeFiles/CMakeTmp

Run Build Command(s):/usr/bin/gmake -f Makefile cmTC_1a82e/fast && /usr/bin/gmake  -f CMakeFiles/cmTC_1a82e.dir/build.make CMakeFiles/cmTC_1a82e.dir/build
gmake[1]: Entering directory '/home/jaros/gitProjects/c++/TDgame/build/CMakeFiles/CMakeTmp'
Building C object CMakeFiles/cmTC_1a82e.dir/CheckSymbolExists.c.o
/usr/bin/gcc   -idirafter "/home/jaros/gitProjects/c++/TDgame/libs/SDL/src/video/khronos"  -o CMakeFiles/cmTC_1a82e.dir/CheckSymbolExists.c.o -c /home/jaros/gitProjects/c++/TDgame/build/CMakeFiles/CMakeTmp/CheckSymbolExists.c
/home/jaros/gitProjects/c++/TDgame/build/CMakeFiles/CMakeTmp/CheckSymbolExists.c: In function ‘main’:
/home/jaros/gitProjects/c++/TDgame/build/CMakeFiles/CMakeTmp/CheckSymbolExists.c:14:19: error: ‘_strupr’ undeclared (first use in this function)
   14 |   return ((int*)(&_strupr))[argc];
      |                   ^~~~~~~
/home/jaros/gitProjects/c++/TDgame/build/CMakeFiles/CMakeTmp/CheckSymbolExists.c:14:19: note: each undeclared identifier is reported only once for each function it appears in
gmake[1]: *** [CMakeFiles/cmTC_1a82e.dir/build.make:78: CMakeFiles/cmTC_1a82e.dir/CheckSymbolExists.c.o] Error 1
gmake[1]: Leaving directory '/home/jaros/gitProjects/c++/TDgame/build/CMakeFiles/CMakeTmp'
gmake: *** [Makefile:127: cmTC_1a82e/fast] Error 2


File /home/jaros/gitProjects/c++/TDgame/build/CMakeFiles/CMakeTmp/CheckSymbolExists.c:
/* */
#include <stddef.h>
#include <stdarg.h>
#include <stdlib.h>
#include <string.h>
#include <stdio.h>
#include <wchar.h>
#include <float.h>

int main(int argc, char** argv)
{
  (void)argv;
#ifndef _strupr
  return ((int*)(&_strupr))[argc];
#else
  (void)argc;
  return 0;
#endif
}
Determining if the _strlwr exist failed with the following output:
Change Dir: /home/jaros/gitProjects/c++/TDgame/build/CMakeFiles/CMakeTmp

Run Build Command(s):/usr/bin/gmake -f Makefile cmTC_d3a94/fast && /usr/bin/gmake  -f CMakeFiles/cmTC_d3a94.dir/build.make CMakeFiles/cmTC_d3a94.dir/build
gmake[1]: Entering directory '/home/jaros/gitProjects/c++/TDgame/build/CMakeFiles/CMakeTmp'
Building C object CMakeFiles/cmTC_d3a94.dir/CheckSymbolExists.c.o
/usr/bin/gcc   -idirafter "/home/jaros/gitProjects/c++/TDgame/libs/SDL/src/video/khronos"  -o CMakeFiles/cmTC_d3a94.dir/CheckSymbolExists.c.o -c /home/jaros/gitProjects/c++/TDgame/build/CMakeFiles/CMakeTmp/CheckSymbolExists.c
/home/jaros/gitProjects/c++/TDgame/build/CMakeFiles/CMakeTmp/CheckSymbolExists.c: In function ‘main’:
/home/jaros/gitProjects/c++/TDgame/build/CMakeFiles/CMakeTmp/CheckSymbolExists.c:14:19: error: ‘_strlwr’ undeclared (first use in this function)
   14 |   return ((int*)(&_strlwr))[argc];
      |                   ^~~~~~~
/home/jaros/gitProjects/c++/TDgame/build/CMakeFiles/CMakeTmp/CheckSymbolExists.c:14:19: note: each undeclared identifier is reported only once for each function it appears in
gmake[1]: *** [CMakeFiles/cmTC_d3a94.dir/build.make:78: CMakeFiles/cmTC_d3a94.dir/CheckSymbolExists.c.o] Error 1
gmake[1]: Leaving directory '/home/jaros/gitProjects/c++/TDgame/build/CMakeFiles/CMakeTmp'
gmake: *** [Makefile:127: cmTC_d3a94/fast] Error 2


File /home/jaros/gitProjects/c++/TDgame/build/CMakeFiles/CMakeTmp/CheckSymbolExists.c:
/* */
#include <stddef.h>
#include <stdarg.h>
#include <stdlib.h>
#include <string.h>
#include <stdio.h>
#include <wchar.h>
#include <float.h>

int main(int argc, char** argv)
{
  (void)argv;
#ifndef _strlwr
  return ((int*)(&_strlwr))[argc];
#else
  (void)argc;
  return 0;
#endif
}
Determining if the itoa exist failed with the following output:
Change Dir: /home/jaros/gitProjects/c++/TDgame/build/CMakeFiles/CMakeTmp

Run Build Command(s):/usr/bin/gmake -f Makefile cmTC_1b79d/fast && /usr/bin/gmake  -f CMakeFiles/cmTC_1b79d.dir/build.make CMakeFiles/cmTC_1b79d.dir/build
gmake[1]: Entering directory '/home/jaros/gitProjects/c++/TDgame/build/CMakeFiles/CMakeTmp'
Building C object CMakeFiles/cmTC_1b79d.dir/CheckSymbolExists.c.o
/usr/bin/gcc   -idirafter "/home/jaros/gitProjects/c++/TDgame/libs/SDL/src/video/khronos"  -o CMakeFiles/cmTC_1b79d.dir/CheckSymbolExists.c.o -c /home/jaros/gitProjects/c++/TDgame/build/CMakeFiles/CMakeTmp/CheckSymbolExists.c
/home/jaros/gitProjects/c++/TDgame/build/CMakeFiles/CMakeTmp/CheckSymbolExists.c: In function ‘main’:
/home/jaros/gitProjects/c++/TDgame/build/CMakeFiles/CMakeTmp/CheckSymbolExists.c:14:19: error: ‘itoa’ undeclared (first use in this function)
   14 |   return ((int*)(&itoa))[argc];
      |                   ^~~~
/home/jaros/gitProjects/c++/TDgame/build/CMakeFiles/CMakeTmp/CheckSymbolExists.c:14:19: note: each undeclared identifier is reported only once for each function it appears in
gmake[1]: *** [CMakeFiles/cmTC_1b79d.dir/build.make:78: CMakeFiles/cmTC_1b79d.dir/CheckSymbolExists.c.o] Error 1
gmake[1]: Leaving directory '/home/jaros/gitProjects/c++/TDgame/build/CMakeFiles/CMakeTmp'
gmake: *** [Makefile:127: cmTC_1b79d/fast] Error 2


File /home/jaros/gitProjects/c++/TDgame/build/CMakeFiles/CMakeTmp/CheckSymbolExists.c:
/* */
#include <stddef.h>
#include <stdarg.h>
#include <stdlib.h>
#include <string.h>
#include <stdio.h>
#include <wchar.h>
#include <float.h>

int main(int argc, char** argv)
{
  (void)argv;
#ifndef itoa
  return ((int*)(&itoa))[argc];
#else
  (void)argc;
  return 0;
#endif
}
Determining if the _ltoa exist failed with the following output:
Change Dir: /home/jaros/gitProjects/c++/TDgame/build/CMakeFiles/CMakeTmp

Run Build Command(s):/usr/bin/gmake -f Makefile cmTC_83903/fast && /usr/bin/gmake  -f CMakeFiles/cmTC_83903.dir/build.make CMakeFiles/cmTC_83903.dir/build
gmake[1]: Entering directory '/home/jaros/gitProjects/c++/TDgame/build/CMakeFiles/CMakeTmp'
Building C object CMakeFiles/cmTC_83903.dir/CheckSymbolExists.c.o
/usr/bin/gcc   -idirafter "/home/jaros/gitProjects/c++/TDgame/libs/SDL/src/video/khronos"  -o CMakeFiles/cmTC_83903.dir/CheckSymbolExists.c.o -c /home/jaros/gitProjects/c++/TDgame/build/CMakeFiles/CMakeTmp/CheckSymbolExists.c
/home/jaros/gitProjects/c++/TDgame/build/CMakeFiles/CMakeTmp/CheckSymbolExists.c: In function ‘main’:
/home/jaros/gitProjects/c++/TDgame/build/CMakeFiles/CMakeTmp/CheckSymbolExists.c:14:19: error: ‘_ltoa’ undeclared (first use in this function)
   14 |   return ((int*)(&_ltoa))[argc];
      |                   ^~~~~
/home/jaros/gitProjects/c++/TDgame/build/CMakeFiles/CMakeTmp/CheckSymbolExists.c:14:19: note: each undeclared identifier is reported only once for each function it appears in
gmake[1]: *** [CMakeFiles/cmTC_83903.dir/build.make:78: CMakeFiles/cmTC_83903.dir/CheckSymbolExists.c.o] Error 1
gmake[1]: Leaving directory '/home/jaros/gitProjects/c++/TDgame/build/CMakeFiles/CMakeTmp'
gmake: *** [Makefile:127: cmTC_83903/fast] Error 2


File /home/jaros/gitProjects/c++/TDgame/build/CMakeFiles/CMakeTmp/CheckSymbolExists.c:
/* */
#include <stddef.h>
#include <stdarg.h>
#include <stdlib.h>
#include <string.h>
#include <stdio.h>
#include <wchar.h>
#include <float.h>

int main(int argc, char** argv)
{
  (void)argv;
#ifndef _ltoa
  return ((int*)(&_ltoa))[argc];
#else
  (void)argc;
  return 0;
#endif
}
Determining if the _uitoa exist failed with the following output:
Change Dir: /home/jaros/gitProjects/c++/TDgame/build/CMakeFiles/CMakeTmp

Run Build Command(s):/usr/bin/gmake -f Makefile cmTC_502c1/fast && /usr/bin/gmake  -f CMakeFiles/cmTC_502c1.dir/build.make CMakeFiles/cmTC_502c1.dir/build
gmake[1]: Entering directory '/home/jaros/gitProjects/c++/TDgame/build/CMakeFiles/CMakeTmp'
Building C object CMakeFiles/cmTC_502c1.dir/CheckSymbolExists.c.o
/usr/bin/gcc   -idirafter "/home/jaros/gitProjects/c++/TDgame/libs/SDL/src/video/khronos"  -o CMakeFiles/cmTC_502c1.dir/CheckSymbolExists.c.o -c /home/jaros/gitProjects/c++/TDgame/build/CMakeFiles/CMakeTmp/CheckSymbolExists.c
/home/jaros/gitProjects/c++/TDgame/build/CMakeFiles/CMakeTmp/CheckSymbolExists.c: In function ‘main’:
/home/jaros/gitProjects/c++/TDgame/build/CMakeFiles/CMakeTmp/CheckSymbolExists.c:14:19: error: ‘_uitoa’ undeclared (first use in this function)
   14 |   return ((int*)(&_uitoa))[argc];
      |                   ^~~~~~
/home/jaros/gitProjects/c++/TDgame/build/CMakeFiles/CMakeTmp/CheckSymbolExists.c:14:19: note: each undeclared identifier is reported only once for each function it appears in
gmake[1]: *** [CMakeFiles/cmTC_502c1.dir/build.make:78: CMakeFiles/cmTC_502c1.dir/CheckSymbolExists.c.o] Error 1
gmake[1]: Leaving directory '/home/jaros/gitProjects/c++/TDgame/build/CMakeFiles/CMakeTmp'
gmake: *** [Makefile:127: cmTC_502c1/fast] Error 2


File /home/jaros/gitProjects/c++/TDgame/build/CMakeFiles/CMakeTmp/CheckSymbolExists.c:
/* */
#include <stddef.h>
#include <stdarg.h>
#include <stdlib.h>
#include <string.h>
#include <stdio.h>
#include <wchar.h>
#include <float.h>

int main(int argc, char** argv)
{
  (void)argv;
#ifndef _uitoa
  return ((int*)(&_uitoa))[argc];
#else
  (void)argc;
  return 0;
#endif
}
Determining if the _ultoa exist failed with the following output:
Change Dir: /home/jaros/gitProjects/c++/TDgame/build/CMakeFiles/CMakeTmp

Run Build Command(s):/usr/bin/gmake -f Makefile cmTC_e2cf9/fast && /usr/bin/gmake  -f CMakeFiles/cmTC_e2cf9.dir/build.make CMakeFiles/cmTC_e2cf9.dir/build
gmake[1]: Entering directory '/home/jaros/gitProjects/c++/TDgame/build/CMakeFiles/CMakeTmp'
Building C object CMakeFiles/cmTC_e2cf9.dir/CheckSymbolExists.c.o
/usr/bin/gcc   -idirafter "/home/jaros/gitProjects/c++/TDgame/libs/SDL/src/video/khronos"  -o CMakeFiles/cmTC_e2cf9.dir/CheckSymbolExists.c.o -c /home/jaros/gitProjects/c++/TDgame/build/CMakeFiles/CMakeTmp/CheckSymbolExists.c
/home/jaros/gitProjects/c++/TDgame/build/CMakeFiles/CMakeTmp/CheckSymbolExists.c: In function ‘main’:
/home/jaros/gitProjects/c++/TDgame/build/CMakeFiles/CMakeTmp/CheckSymbolExists.c:14:19: error: ‘_ultoa’ undeclared (first use in this function)
   14 |   return ((int*)(&_ultoa))[argc];
      |                   ^~~~~~
/home/jaros/gitProjects/c++/TDgame/build/CMakeFiles/CMakeTmp/CheckSymbolExists.c:14:19: note: each undeclared identifier is reported only once for each function it appears in
gmake[1]: *** [CMakeFiles/cmTC_e2cf9.dir/build.make:78: CMakeFiles/cmTC_e2cf9.dir/CheckSymbolExists.c.o] Error 1
gmake[1]: Leaving directory '/home/jaros/gitProjects/c++/TDgame/build/CMakeFiles/CMakeTmp'
gmake: *** [Makefile:127: cmTC_e2cf9/fast] Error 2


File /home/jaros/gitProjects/c++/TDgame/build/CMakeFiles/CMakeTmp/CheckSymbolExists.c:
/* */
#include <stddef.h>
#include <stdarg.h>
#include <stdlib.h>
#include <string.h>
#include <stdio.h>
#include <wchar.h>
#include <float.h>

int main(int argc, char** argv)
{
  (void)argv;
#ifndef _ultoa
  return ((int*)(&_ultoa))[argc];
#else
  (void)argc;
  return 0;
#endif
}
Determining if the _i64toa exist failed with the following output:
Change Dir: /home/jaros/gitProjects/c++/TDgame/build/CMakeFiles/CMakeTmp

Run Build Command(s):/usr/bin/gmake -f Makefile cmTC_b3961/fast && /usr/bin/gmake  -f CMakeFiles/cmTC_b3961.dir/build.make CMakeFiles/cmTC_b3961.dir/build
gmake[1]: Entering directory '/home/jaros/gitProjects/c++/TDgame/build/CMakeFiles/CMakeTmp'
Building C object CMakeFiles/cmTC_b3961.dir/CheckSymbolExists.c.o
/usr/bin/gcc   -idirafter "/home/jaros/gitProjects/c++/TDgame/libs/SDL/src/video/khronos"  -o CMakeFiles/cmTC_b3961.dir/CheckSymbolExists.c.o -c /home/jaros/gitProjects/c++/TDgame/build/CMakeFiles/CMakeTmp/CheckSymbolExists.c
/home/jaros/gitProjects/c++/TDgame/build/CMakeFiles/CMakeTmp/CheckSymbolExists.c: In function ‘main’:
/home/jaros/gitProjects/c++/TDgame/build/CMakeFiles/CMakeTmp/CheckSymbolExists.c:14:19: error: ‘_i64toa’ undeclared (first use in this function)
   14 |   return ((int*)(&_i64toa))[argc];
      |                   ^~~~~~~
/home/jaros/gitProjects/c++/TDgame/build/CMakeFiles/CMakeTmp/CheckSymbolExists.c:14:19: note: each undeclared identifier is reported only once for each function it appears in
gmake[1]: *** [CMakeFiles/cmTC_b3961.dir/build.make:78: CMakeFiles/cmTC_b3961.dir/CheckSymbolExists.c.o] Error 1
gmake[1]: Leaving directory '/home/jaros/gitProjects/c++/TDgame/build/CMakeFiles/CMakeTmp'
gmake: *** [Makefile:127: cmTC_b3961/fast] Error 2


File /home/jaros/gitProjects/c++/TDgame/build/CMakeFiles/CMakeTmp/CheckSymbolExists.c:
/* */
#include <stddef.h>
#include <stdarg.h>
#include <stdlib.h>
#include <string.h>
#include <stdio.h>
#include <wchar.h>
#include <float.h>

int main(int argc, char** argv)
{
  (void)argv;
#ifndef _i64toa
  return ((int*)(&_i64toa))[argc];
#else
  (void)argc;
  return 0;
#endif
}
Determining if the _ui64toa exist failed with the following output:
Change Dir: /home/jaros/gitProjects/c++/TDgame/build/CMakeFiles/CMakeTmp

Run Build Command(s):/usr/bin/gmake -f Makefile cmTC_dc769/fast && /usr/bin/gmake  -f CMakeFiles/cmTC_dc769.dir/build.make CMakeFiles/cmTC_dc769.dir/build
gmake[1]: Entering directory '/home/jaros/gitProjects/c++/TDgame/build/CMakeFiles/CMakeTmp'
Building C object CMakeFiles/cmTC_dc769.dir/CheckSymbolExists.c.o
/usr/bin/gcc   -idirafter "/home/jaros/gitProjects/c++/TDgame/libs/SDL/src/video/khronos"  -o CMakeFiles/cmTC_dc769.dir/CheckSymbolExists.c.o -c /home/jaros/gitProjects/c++/TDgame/build/CMakeFiles/CMakeTmp/CheckSymbolExists.c
/home/jaros/gitProjects/c++/TDgame/build/CMakeFiles/CMakeTmp/CheckSymbolExists.c: In function ‘main’:
/home/jaros/gitProjects/c++/TDgame/build/CMakeFiles/CMakeTmp/CheckSymbolExists.c:14:19: error: ‘_ui64toa’ undeclared (first use in this function)
   14 |   return ((int*)(&_ui64toa))[argc];
      |                   ^~~~~~~~
/home/jaros/gitProjects/c++/TDgame/build/CMakeFiles/CMakeTmp/CheckSymbolExists.c:14:19: note: each undeclared identifier is reported only once for each function it appears in
gmake[1]: *** [CMakeFiles/cmTC_dc769.dir/build.make:78: CMakeFiles/cmTC_dc769.dir/CheckSymbolExists.c.o] Error 1
gmake[1]: Leaving directory '/home/jaros/gitProjects/c++/TDgame/build/CMakeFiles/CMakeTmp'
gmake: *** [Makefile:127: cmTC_dc769/fast] Error 2


File /home/jaros/gitProjects/c++/TDgame/build/CMakeFiles/CMakeTmp/CheckSymbolExists.c:
/* */
#include <stddef.h>
#include <stdarg.h>
#include <stdlib.h>
#include <string.h>
#include <stdio.h>
#include <wchar.h>
#include <float.h>

int main(int argc, char** argv)
{
  (void)argv;
#ifndef _ui64toa
  return ((int*)(&_ui64toa))[argc];
#else
  (void)argc;
  return 0;
#endif
}
Determining if the _stricmp exist failed with the following output:
Change Dir: /home/jaros/gitProjects/c++/TDgame/build/CMakeFiles/CMakeTmp

Run Build Command(s):/usr/bin/gmake -f Makefile cmTC_0b302/fast && /usr/bin/gmake  -f CMakeFiles/cmTC_0b302.dir/build.make CMakeFiles/cmTC_0b302.dir/build
gmake[1]: Entering directory '/home/jaros/gitProjects/c++/TDgame/build/CMakeFiles/CMakeTmp'
Building C object CMakeFiles/cmTC_0b302.dir/CheckSymbolExists.c.o
/usr/bin/gcc   -idirafter "/home/jaros/gitProjects/c++/TDgame/libs/SDL/src/video/khronos"  -o CMakeFiles/cmTC_0b302.dir/CheckSymbolExists.c.o -c /home/jaros/gitProjects/c++/TDgame/build/CMakeFiles/CMakeTmp/CheckSymbolExists.c
/home/jaros/gitProjects/c++/TDgame/build/CMakeFiles/CMakeTmp/CheckSymbolExists.c: In function ‘main’:
/home/jaros/gitProjects/c++/TDgame/build/CMakeFiles/CMakeTmp/CheckSymbolExists.c:14:19: error: ‘_stricmp’ undeclared (first use in this function); did you mean ‘strncmp’?
   14 |   return ((int*)(&_stricmp))[argc];
      |                   ^~~~~~~~
      |                   strncmp
/home/jaros/gitProjects/c++/TDgame/build/CMakeFiles/CMakeTmp/CheckSymbolExists.c:14:19: note: each undeclared identifier is reported only once for each function it appears in
gmake[1]: *** [CMakeFiles/cmTC_0b302.dir/build.make:78: CMakeFiles/cmTC_0b302.dir/CheckSymbolExists.c.o] Error 1
gmake[1]: Leaving directory '/home/jaros/gitProjects/c++/TDgame/build/CMakeFiles/CMakeTmp'
gmake: *** [Makefile:127: cmTC_0b302/fast] Error 2


File /home/jaros/gitProjects/c++/TDgame/build/CMakeFiles/CMakeTmp/CheckSymbolExists.c:
/* */
#include <stddef.h>
#include <stdarg.h>
#include <stdlib.h>
#include <string.h>
#include <stdio.h>
#include <wchar.h>
#include <float.h>

int main(int argc, char** argv)
{
  (void)argv;
#ifndef _stricmp
  return ((int*)(&_stricmp))[argc];
#else
  (void)argc;
  return 0;
#endif
}
Determining if the _strnicmp exist failed with the following output:
Change Dir: /home/jaros/gitProjects/c++/TDgame/build/CMakeFiles/CMakeTmp

Run Build Command(s):/usr/bin/gmake -f Makefile cmTC_d0bed/fast && /usr/bin/gmake  -f CMakeFiles/cmTC_d0bed.dir/build.make CMakeFiles/cmTC_d0bed.dir/build
gmake[1]: Entering directory '/home/jaros/gitProjects/c++/TDgame/build/CMakeFiles/CMakeTmp'
Building C object CMakeFiles/cmTC_d0bed.dir/CheckSymbolExists.c.o
/usr/bin/gcc   -idirafter "/home/jaros/gitProjects/c++/TDgame/libs/SDL/src/video/khronos"  -o CMakeFiles/cmTC_d0bed.dir/CheckSymbolExists.c.o -c /home/jaros/gitProjects/c++/TDgame/build/CMakeFiles/CMakeTmp/CheckSymbolExists.c
/home/jaros/gitProjects/c++/TDgame/build/CMakeFiles/CMakeTmp/CheckSymbolExists.c: In function ‘main’:
/home/jaros/gitProjects/c++/TDgame/build/CMakeFiles/CMakeTmp/CheckSymbolExists.c:14:19: error: ‘_strnicmp’ undeclared (first use in this function); did you mean ‘strncmp’?
   14 |   return ((int*)(&_strnicmp))[argc];
      |                   ^~~~~~~~~
      |                   strncmp
/home/jaros/gitProjects/c++/TDgame/build/CMakeFiles/CMakeTmp/CheckSymbolExists.c:14:19: note: each undeclared identifier is reported only once for each function it appears in
gmake[1]: *** [CMakeFiles/cmTC_d0bed.dir/build.make:78: CMakeFiles/cmTC_d0bed.dir/CheckSymbolExists.c.o] Error 1
gmake[1]: Leaving directory '/home/jaros/gitProjects/c++/TDgame/build/CMakeFiles/CMakeTmp'
gmake: *** [Makefile:127: cmTC_d0bed/fast] Error 2


File /home/jaros/gitProjects/c++/TDgame/build/CMakeFiles/CMakeTmp/CheckSymbolExists.c:
/* */
#include <stddef.h>
#include <stdarg.h>
#include <stdlib.h>
#include <string.h>
#include <stdio.h>
#include <wchar.h>
#include <float.h>

int main(int argc, char** argv)
{
  (void)argv;
#ifndef _strnicmp
  return ((int*)(&_strnicmp))[argc];
#else
  (void)argc;
  return 0;
#endif
}
Determining if the strcasestr exist failed with the following output:
Change Dir: /home/jaros/gitProjects/c++/TDgame/build/CMakeFiles/CMakeTmp

Run Build Command(s):/usr/bin/gmake -f Makefile cmTC_76b43/fast && /usr/bin/gmake  -f CMakeFiles/cmTC_76b43.dir/build.make CMakeFiles/cmTC_76b43.dir/build
gmake[1]: Entering directory '/home/jaros/gitProjects/c++/TDgame/build/CMakeFiles/CMakeTmp'
Building C object CMakeFiles/cmTC_76b43.dir/CheckSymbolExists.c.o
/usr/bin/gcc   -idirafter "/home/jaros/gitProjects/c++/TDgame/libs/SDL/src/video/khronos"  -o CMakeFiles/cmTC_76b43.dir/CheckSymbolExists.c.o -c /home/jaros/gitProjects/c++/TDgame/build/CMakeFiles/CMakeTmp/CheckSymbolExists.c
/home/jaros/gitProjects/c++/TDgame/build/CMakeFiles/CMakeTmp/CheckSymbolExists.c: In function ‘main’:
/home/jaros/gitProjects/c++/TDgame/build/CMakeFiles/CMakeTmp/CheckSymbolExists.c:14:19: error: ‘strcasestr’ undeclared (first use in this function); did you mean ‘strcasecmp’?
   14 |   return ((int*)(&strcasestr))[argc];
      |                   ^~~~~~~~~~
      |                   strcasecmp
/home/jaros/gitProjects/c++/TDgame/build/CMakeFiles/CMakeTmp/CheckSymbolExists.c:14:19: note: each undeclared identifier is reported only once for each function it appears in
gmake[1]: *** [CMakeFiles/cmTC_76b43.dir/build.make:78: CMakeFiles/cmTC_76b43.dir/CheckSymbolExists.c.o] Error 1
gmake[1]: Leaving directory '/home/jaros/gitProjects/c++/TDgame/build/CMakeFiles/CMakeTmp'
gmake: *** [Makefile:127: cmTC_76b43/fast] Error 2


File /home/jaros/gitProjects/c++/TDgame/build/CMakeFiles/CMakeTmp/CheckSymbolExists.c:
/* */
#include <stddef.h>
#include <stdarg.h>
#include <stdlib.h>
#include <string.h>
#include <stdio.h>
#include <wchar.h>
#include <float.h>

int main(int argc, char** argv)
{
  (void)argv;
#ifndef strcasestr
  return ((int*)(&strcasestr))[argc];
#else
  (void)argc;
  return 0;
#endif
}
Determining if the _wcsdup exist failed with the following output:
Change Dir: /home/jaros/gitProjects/c++/TDgame/build/CMakeFiles/CMakeTmp

Run Build Command(s):/usr/bin/gmake -f Makefile cmTC_26d46/fast && /usr/bin/gmake  -f CMakeFiles/cmTC_26d46.dir/build.make CMakeFiles/cmTC_26d46.dir/build
gmake[1]: Entering directory '/home/jaros/gitProjects/c++/TDgame/build/CMakeFiles/CMakeTmp'
Building C object CMakeFiles/cmTC_26d46.dir/CheckSymbolExists.c.o
/usr/bin/gcc   -idirafter "/home/jaros/gitProjects/c++/TDgame/libs/SDL/src/video/khronos"  -o CMakeFiles/cmTC_26d46.dir/CheckSymbolExists.c.o -c /home/jaros/gitProjects/c++/TDgame/build/CMakeFiles/CMakeTmp/CheckSymbolExists.c
/home/jaros/gitProjects/c++/TDgame/build/CMakeFiles/CMakeTmp/CheckSymbolExists.c: In function ‘main’:
/home/jaros/gitProjects/c++/TDgame/build/CMakeFiles/CMakeTmp/CheckSymbolExists.c:14:19: error: ‘_wcsdup’ undeclared (first use in this function); did you mean ‘wcsdup’?
   14 |   return ((int*)(&_wcsdup))[argc];
      |                   ^~~~~~~
      |                   wcsdup
/home/jaros/gitProjects/c++/TDgame/build/CMakeFiles/CMakeTmp/CheckSymbolExists.c:14:19: note: each undeclared identifier is reported only once for each function it appears in
gmake[1]: *** [CMakeFiles/cmTC_26d46.dir/build.make:78: CMakeFiles/cmTC_26d46.dir/CheckSymbolExists.c.o] Error 1
gmake[1]: Leaving directory '/home/jaros/gitProjects/c++/TDgame/build/CMakeFiles/CMakeTmp'
gmake: *** [Makefile:127: cmTC_26d46/fast] Error 2


File /home/jaros/gitProjects/c++/TDgame/build/CMakeFiles/CMakeTmp/CheckSymbolExists.c:
/* */
#include <stddef.h>
#include <stdarg.h>
#include <stdlib.h>
#include <string.h>
#include <stdio.h>
#include <wchar.h>
#include <float.h>

int main(int argc, char** argv)
{
  (void)argv;
#ifndef _wcsdup
  return ((int*)(&_wcsdup))[argc];
#else
  (void)argc;
  return 0;
#endif
}
Determining if the wcslcat exist failed with the following output:
Change Dir: /home/jaros/gitProjects/c++/TDgame/build/CMakeFiles/CMakeTmp

Run Build Command(s):/usr/bin/gmake -f Makefile cmTC_879f1/fast && /usr/bin/gmake  -f CMakeFiles/cmTC_879f1.dir/build.make CMakeFiles/cmTC_879f1.dir/build
gmake[1]: Entering directory '/home/jaros/gitProjects/c++/TDgame/build/CMakeFiles/CMakeTmp'
Building C object CMakeFiles/cmTC_879f1.dir/CheckSymbolExists.c.o
/usr/bin/gcc   -idirafter "/home/jaros/gitProjects/c++/TDgame/libs/SDL/src/video/khronos"  -o CMakeFiles/cmTC_879f1.dir/CheckSymbolExists.c.o -c /home/jaros/gitProjects/c++/TDgame/build/CMakeFiles/CMakeTmp/CheckSymbolExists.c
/home/jaros/gitProjects/c++/TDgame/build/CMakeFiles/CMakeTmp/CheckSymbolExists.c: In function ‘main’:
/home/jaros/gitProjects/c++/TDgame/build/CMakeFiles/CMakeTmp/CheckSymbolExists.c:14:19: error: ‘wcslcat’ undeclared (first use in this function); did you mean ‘wcsncat’?
   14 |   return ((int*)(&wcslcat))[argc];
      |                   ^~~~~~~
      |                   wcsncat
/home/jaros/gitProjects/c++/TDgame/build/CMakeFiles/CMakeTmp/CheckSymbolExists.c:14:19: note: each undeclared identifier is reported only once for each function it appears in
gmake[1]: *** [CMakeFiles/cmTC_879f1.dir/build.make:78: CMakeFiles/cmTC_879f1.dir/CheckSymbolExists.c.o] Error 1
gmake[1]: Leaving directory '/home/jaros/gitProjects/c++/TDgame/build/CMakeFiles/CMakeTmp'
gmake: *** [Makefile:127: cmTC_879f1/fast] Error 2


File /home/jaros/gitProjects/c++/TDgame/build/CMakeFiles/CMakeTmp/CheckSymbolExists.c:
/* */
#include <stddef.h>
#include <stdarg.h>
#include <stdlib.h>
#include <string.h>
#include <stdio.h>
#include <wchar.h>
#include <float.h>

int main(int argc, char** argv)
{
  (void)argv;
#ifndef wcslcat
  return ((int*)(&wcslcat))[argc];
#else
  (void)argc;
  return 0;
#endif
}
Determining if the wcslcpy exist failed with the following output:
Change Dir: /home/jaros/gitProjects/c++/TDgame/build/CMakeFiles/CMakeTmp

Run Build Command(s):/usr/bin/gmake -f Makefile cmTC_e07c8/fast && /usr/bin/gmake  -f CMakeFiles/cmTC_e07c8.dir/build.make CMakeFiles/cmTC_e07c8.dir/build
gmake[1]: Entering directory '/home/jaros/gitProjects/c++/TDgame/build/CMakeFiles/CMakeTmp'
Building C object CMakeFiles/cmTC_e07c8.dir/CheckSymbolExists.c.o
/usr/bin/gcc   -idirafter "/home/jaros/gitProjects/c++/TDgame/libs/SDL/src/video/khronos"  -o CMakeFiles/cmTC_e07c8.dir/CheckSymbolExists.c.o -c /home/jaros/gitProjects/c++/TDgame/build/CMakeFiles/CMakeTmp/CheckSymbolExists.c
/home/jaros/gitProjects/c++/TDgame/build/CMakeFiles/CMakeTmp/CheckSymbolExists.c: In function ‘main’:
/home/jaros/gitProjects/c++/TDgame/build/CMakeFiles/CMakeTmp/CheckSymbolExists.c:14:19: error: ‘wcslcpy’ undeclared (first use in this function); did you mean ‘wcsncpy’?
   14 |   return ((int*)(&wcslcpy))[argc];
      |                   ^~~~~~~
      |                   wcsncpy
/home/jaros/gitProjects/c++/TDgame/build/CMakeFiles/CMakeTmp/CheckSymbolExists.c:14:19: note: each undeclared identifier is reported only once for each function it appears in
gmake[1]: *** [CMakeFiles/cmTC_e07c8.dir/build.make:78: CMakeFiles/cmTC_e07c8.dir/CheckSymbolExists.c.o] Error 1
gmake[1]: Leaving directory '/home/jaros/gitProjects/c++/TDgame/build/CMakeFiles/CMakeTmp'
gmake: *** [Makefile:127: cmTC_e07c8/fast] Error 2


File /home/jaros/gitProjects/c++/TDgame/build/CMakeFiles/CMakeTmp/CheckSymbolExists.c:
/* */
#include <stddef.h>
#include <stdarg.h>
#include <stdlib.h>
#include <string.h>
#include <stdio.h>
#include <wchar.h>
#include <float.h>

int main(int argc, char** argv)
{
  (void)argv;
#ifndef wcslcpy
  return ((int*)(&wcslcpy))[argc];
#else
  (void)argc;
  return 0;
#endif
}
Determining if the _wcsicmp exist failed with the following output:
Change Dir: /home/jaros/gitProjects/c++/TDgame/build/CMakeFiles/CMakeTmp

Run Build Command(s):/usr/bin/gmake -f Makefile cmTC_d33d8/fast && /usr/bin/gmake  -f CMakeFiles/cmTC_d33d8.dir/build.make CMakeFiles/cmTC_d33d8.dir/build
gmake[1]: Entering directory '/home/jaros/gitProjects/c++/TDgame/build/CMakeFiles/CMakeTmp'
Building C object CMakeFiles/cmTC_d33d8.dir/CheckSymbolExists.c.o
/usr/bin/gcc   -idirafter "/home/jaros/gitProjects/c++/TDgame/libs/SDL/src/video/khronos"  -o CMakeFiles/cmTC_d33d8.dir/CheckSymbolExists.c.o -c /home/jaros/gitProjects/c++/TDgame/build/CMakeFiles/CMakeTmp/CheckSymbolExists.c
/home/jaros/gitProjects/c++/TDgame/build/CMakeFiles/CMakeTmp/CheckSymbolExists.c: In function ‘main’:
/home/jaros/gitProjects/c++/TDgame/build/CMakeFiles/CMakeTmp/CheckSymbolExists.c:14:19: error: ‘_wcsicmp’ undeclared (first use in this function); did you mean ‘wcsncmp’?
   14 |   return ((int*)(&_wcsicmp))[argc];
      |                   ^~~~~~~~
      |                   wcsncmp
/home/jaros/gitProjects/c++/TDgame/build/CMakeFiles/CMakeTmp/CheckSymbolExists.c:14:19: note: each undeclared identifier is reported only once for each function it appears in
gmake[1]: *** [CMakeFiles/cmTC_d33d8.dir/build.make:78: CMakeFiles/cmTC_d33d8.dir/CheckSymbolExists.c.o] Error 1
gmake[1]: Leaving directory '/home/jaros/gitProjects/c++/TDgame/build/CMakeFiles/CMakeTmp'
gmake: *** [Makefile:127: cmTC_d33d8/fast] Error 2


File /home/jaros/gitProjects/c++/TDgame/build/CMakeFiles/CMakeTmp/CheckSymbolExists.c:
/* */
#include <stddef.h>
#include <stdarg.h>
#include <stdlib.h>
#include <string.h>
#include <stdio.h>
#include <wchar.h>
#include <float.h>

int main(int argc, char** argv)
{
  (void)argv;
#ifndef _wcsicmp
  return ((int*)(&_wcsicmp))[argc];
#else
  (void)argc;
  return 0;
#endif
}
Determining if the _wcsnicmp exist failed with the following output:
Change Dir: /home/jaros/gitProjects/c++/TDgame/build/CMakeFiles/CMakeTmp

Run Build Command(s):/usr/bin/gmake -f Makefile cmTC_d9eb9/fast && /usr/bin/gmake  -f CMakeFiles/cmTC_d9eb9.dir/build.make CMakeFiles/cmTC_d9eb9.dir/build
gmake[1]: Entering directory '/home/jaros/gitProjects/c++/TDgame/build/CMakeFiles/CMakeTmp'
Building C object CMakeFiles/cmTC_d9eb9.dir/CheckSymbolExists.c.o
/usr/bin/gcc   -idirafter "/home/jaros/gitProjects/c++/TDgame/libs/SDL/src/video/khronos"  -o CMakeFiles/cmTC_d9eb9.dir/CheckSymbolExists.c.o -c /home/jaros/gitProjects/c++/TDgame/build/CMakeFiles/CMakeTmp/CheckSymbolExists.c
/home/jaros/gitProjects/c++/TDgame/build/CMakeFiles/CMakeTmp/CheckSymbolExists.c: In function ‘main’:
/home/jaros/gitProjects/c++/TDgame/build/CMakeFiles/CMakeTmp/CheckSymbolExists.c:14:19: error: ‘_wcsnicmp’ undeclared (first use in this function); did you mean ‘wcsncmp’?
   14 |   return ((int*)(&_wcsnicmp))[argc];
      |                   ^~~~~~~~~
      |                   wcsncmp
/home/jaros/gitProjects/c++/TDgame/build/CMakeFiles/CMakeTmp/CheckSymbolExists.c:14:19: note: each undeclared identifier is reported only once for each function it appears in
gmake[1]: *** [CMakeFiles/cmTC_d9eb9.dir/build.make:78: CMakeFiles/cmTC_d9eb9.dir/CheckSymbolExists.c.o] Error 1
gmake[1]: Leaving directory '/home/jaros/gitProjects/c++/TDgame/build/CMakeFiles/CMakeTmp'
gmake: *** [Makefile:127: cmTC_d9eb9/fast] Error 2


File /home/jaros/gitProjects/c++/TDgame/build/CMakeFiles/CMakeTmp/CheckSymbolExists.c:
/* */
#include <stddef.h>
#include <stdarg.h>
#include <stdlib.h>
#include <string.h>
#include <stdio.h>
#include <wchar.h>
#include <float.h>

int main(int argc, char** argv)
{
  (void)argv;
#ifndef _wcsnicmp
  return ((int*)(&_wcsnicmp))[argc];
#else
  (void)argc;
  return 0;
#endif
}
Determining if the fopen64 exist failed with the following output:
Change Dir: /home/jaros/gitProjects/c++/TDgame/build/CMakeFiles/CMakeTmp

Run Build Command(s):/usr/bin/gmake -f Makefile cmTC_77225/fast && /usr/bin/gmake  -f CMakeFiles/cmTC_77225.dir/build.make CMakeFiles/cmTC_77225.dir/build
gmake[1]: Entering directory '/home/jaros/gitProjects/c++/TDgame/build/CMakeFiles/CMakeTmp'
Building C object CMakeFiles/cmTC_77225.dir/CheckSymbolExists.c.o
/usr/bin/gcc   -idirafter "/home/jaros/gitProjects/c++/TDgame/libs/SDL/src/video/khronos"  -o CMakeFiles/cmTC_77225.dir/CheckSymbolExists.c.o -c /home/jaros/gitProjects/c++/TDgame/build/CMakeFiles/CMakeTmp/CheckSymbolExists.c
/home/jaros/gitProjects/c++/TDgame/build/CMakeFiles/CMakeTmp/CheckSymbolExists.c: In function ‘main’:
/home/jaros/gitProjects/c++/TDgame/build/CMakeFiles/CMakeTmp/CheckSymbolExists.c:14:19: error: ‘fopen64’ undeclared (first use in this function); did you mean ‘fopen’?
   14 |   return ((int*)(&fopen64))[argc];
      |                   ^~~~~~~
      |                   fopen
/home/jaros/gitProjects/c++/TDgame/build/CMakeFiles/CMakeTmp/CheckSymbolExists.c:14:19: note: each undeclared identifier is reported only once for each function it appears in
gmake[1]: *** [CMakeFiles/cmTC_77225.dir/build.make:78: CMakeFiles/cmTC_77225.dir/CheckSymbolExists.c.o] Error 1
gmake[1]: Leaving directory '/home/jaros/gitProjects/c++/TDgame/build/CMakeFiles/CMakeTmp'
gmake: *** [Makefile:127: cmTC_77225/fast] Error 2


File /home/jaros/gitProjects/c++/TDgame/build/CMakeFiles/CMakeTmp/CheckSymbolExists.c:
/* */
#include <stddef.h>
#include <stdarg.h>
#include <stdlib.h>
#include <string.h>
#include <stdio.h>
#include <wchar.h>
#include <float.h>

int main(int argc, char** argv)
{
  (void)argv;
#ifndef fopen64
  return ((int*)(&fopen64))[argc];
#else
  (void)argc;
  return 0;
#endif
}
Determining if the fseeko64 exist failed with the following output:
Change Dir: /home/jaros/gitProjects/c++/TDgame/build/CMakeFiles/CMakeTmp

Run Build Command(s):/usr/bin/gmake -f Makefile cmTC_087c5/fast && /usr/bin/gmake  -f CMakeFiles/cmTC_087c5.dir/build.make CMakeFiles/cmTC_087c5.dir/build
gmake[1]: Entering directory '/home/jaros/gitProjects/c++/TDgame/build/CMakeFiles/CMakeTmp'
Building C object CMakeFiles/cmTC_087c5.dir/CheckSymbolExists.c.o
/usr/bin/gcc   -idirafter "/home/jaros/gitProjects/c++/TDgame/libs/SDL/src/video/khronos"  -o CMakeFiles/cmTC_087c5.dir/CheckSymbolExists.c.o -c /home/jaros/gitProjects/c++/TDgame/build/CMakeFiles/CMakeTmp/CheckSymbolExists.c
/home/jaros/gitProjects/c++/TDgame/build/CMakeFiles/CMakeTmp/CheckSymbolExists.c: In function ‘main’:
/home/jaros/gitProjects/c++/TDgame/build/CMakeFiles/CMakeTmp/CheckSymbolExists.c:14:19: error: ‘fseeko64’ undeclared (first use in this function); did you mean ‘fseeko’?
   14 |   return ((int*)(&fseeko64))[argc];
      |                   ^~~~~~~~
      |                   fseeko
/home/jaros/gitProjects/c++/TDgame/build/CMakeFiles/CMakeTmp/CheckSymbolExists.c:14:19: note: each undeclared identifier is reported only once for each function it appears in
gmake[1]: *** [CMakeFiles/cmTC_087c5.dir/build.make:78: CMakeFiles/cmTC_087c5.dir/CheckSymbolExists.c.o] Error 1
gmake[1]: Leaving directory '/home/jaros/gitProjects/c++/TDgame/build/CMakeFiles/CMakeTmp'
gmake: *** [Makefile:127: cmTC_087c5/fast] Error 2


File /home/jaros/gitProjects/c++/TDgame/build/CMakeFiles/CMakeTmp/CheckSymbolExists.c:
/* */
#include <stddef.h>
#include <stdarg.h>
#include <stdlib.h>
#include <string.h>
#include <stdio.h>
#include <wchar.h>
#include <float.h>

int main(int argc, char** argv)
{
  (void)argv;
#ifndef fseeko64
  return ((int*)(&fseeko64))[argc];
#else
  (void)argc;
  return 0;
#endif
}
Determining if the sysctlbyname exist failed with the following output:
Change Dir: /home/jaros/gitProjects/c++/TDgame/build/CMakeFiles/CMakeTmp

Run Build Command(s):/usr/bin/gmake -f Makefile cmTC_944b3/fast && /usr/bin/gmake  -f CMakeFiles/cmTC_944b3.dir/build.make CMakeFiles/cmTC_944b3.dir/build
gmake[1]: Entering directory '/home/jaros/gitProjects/c++/TDgame/build/CMakeFiles/CMakeTmp'
Building C object CMakeFiles/cmTC_944b3.dir/CheckSymbolExists.c.o
/usr/bin/gcc   -idirafter "/home/jaros/gitProjects/c++/TDgame/libs/SDL/src/video/khronos"  -o CMakeFiles/cmTC_944b3.dir/CheckSymbolExists.c.o -c /home/jaros/gitProjects/c++/TDgame/build/CMakeFiles/CMakeTmp/CheckSymbolExists.c
/home/jaros/gitProjects/c++/TDgame/build/CMakeFiles/CMakeTmp/CheckSymbolExists.c:3:10: fatal error: sys/sysctl.h: No such file or directory
    3 | #include <sys/sysctl.h>
      |          ^~~~~~~~~~~~~~
compilation terminated.
gmake[1]: *** [CMakeFiles/cmTC_944b3.dir/build.make:78: CMakeFiles/cmTC_944b3.dir/CheckSymbolExists.c.o] Error 1
gmake[1]: Leaving directory '/home/jaros/gitProjects/c++/TDgame/build/CMakeFiles/CMakeTmp'
gmake: *** [Makefile:127: cmTC_944b3/fast] Error 2


File /home/jaros/gitProjects/c++/TDgame/build/CMakeFiles/CMakeTmp/CheckSymbolExists.c:
/* */
#include <sys/types.h>
#include <sys/sysctl.h>

int main(int argc, char** argv)
{
  (void)argv;
#ifndef sysctlbyname
  return ((int*)(&sysctlbyname))[argc];
#else
  (void)argc;
  return 0;
#endif
}
Determining if the elf_aux_info exist failed with the following output:
Change Dir: /home/jaros/gitProjects/c++/TDgame/build/CMakeFiles/CMakeTmp

Run Build Command(s):/usr/bin/gmake -f Makefile cmTC_dd3a5/fast && /usr/bin/gmake  -f CMakeFiles/cmTC_dd3a5.dir/build.make CMakeFiles/cmTC_dd3a5.dir/build
gmake[1]: Entering directory '/home/jaros/gitProjects/c++/TDgame/build/CMakeFiles/CMakeTmp'
Building C object CMakeFiles/cmTC_dd3a5.dir/CheckSymbolExists.c.o
/usr/bin/gcc   -idirafter "/home/jaros/gitProjects/c++/TDgame/libs/SDL/src/video/khronos"  -o CMakeFiles/cmTC_dd3a5.dir/CheckSymbolExists.c.o -c /home/jaros/gitProjects/c++/TDgame/build/CMakeFiles/CMakeTmp/CheckSymbolExists.c
/home/jaros/gitProjects/c++/TDgame/build/CMakeFiles/CMakeTmp/CheckSymbolExists.c: In function ‘main’:
/home/jaros/gitProjects/c++/TDgame/build/CMakeFiles/CMakeTmp/CheckSymbolExists.c:8:19: error: ‘elf_aux_info’ undeclared (first use in this function)
    8 |   return ((int*)(&elf_aux_info))[argc];
      |                   ^~~~~~~~~~~~
/home/jaros/gitProjects/c++/TDgame/build/CMakeFiles/CMakeTmp/CheckSymbolExists.c:8:19: note: each undeclared identifier is reported only once for each function it appears in
gmake[1]: *** [CMakeFiles/cmTC_dd3a5.dir/build.make:78: CMakeFiles/cmTC_dd3a5.dir/CheckSymbolExists.c.o] Error 1
gmake[1]: Leaving directory '/home/jaros/gitProjects/c++/TDgame/build/CMakeFiles/CMakeTmp'
gmake: *** [Makefile:127: cmTC_dd3a5/fast] Error 2


File /home/jaros/gitProjects/c++/TDgame/build/CMakeFiles/CMakeTmp/CheckSymbolExists.c:
/* */
#include <sys/auxv.h>

int main(int argc, char** argv)
{
  (void)argv;
#ifndef elf_aux_info
  return ((int*)(&elf_aux_info))[argc];
#else
  (void)argc;
  return 0;
#endif
}
Determining if the function iconv_open exists in the iconv failed with the following output:
Change Dir: /home/jaros/gitProjects/c++/TDgame/build/CMakeFiles/CMakeTmp

Run Build Command(s):/usr/bin/gmake -f Makefile cmTC_b47d6/fast && /usr/bin/gmake  -f CMakeFiles/cmTC_b47d6.dir/build.make CMakeFiles/cmTC_b47d6.dir/build
gmake[1]: Entering directory '/home/jaros/gitProjects/c++/TDgame/build/CMakeFiles/CMakeTmp'
Building C object CMakeFiles/cmTC_b47d6.dir/CheckFunctionExists.c.o
/usr/bin/gcc   -idirafter "/home/jaros/gitProjects/c++/TDgame/libs/SDL/src/video/khronos" -DCHECK_FUNCTION_EXISTS=iconv_open -o CMakeFiles/cmTC_b47d6.dir/CheckFunctionExists.c.o -c /usr/share/cmake-3.22/Modules/CheckFunctionExists.c
Linking C executable cmTC_b47d6
/usr/bin/cmake -E cmake_link_script CMakeFiles/cmTC_b47d6.dir/link.txt --verbose=1
/usr/bin/gcc  -idirafter "/home/jaros/gitProjects/c++/TDgame/libs/SDL/src/video/khronos" -DCHECK_FUNCTION_EXISTS=iconv_open -rdynamic CMakeFiles/cmTC_b47d6.dir/CheckFunctionExists.c.o -o cmTC_b47d6  -liconv 
/usr/bin/ld: cannot find -liconv: No such file or directory
collect2: error: ld returned 1 exit status
gmake[1]: *** [CMakeFiles/cmTC_b47d6.dir/build.make:99: cmTC_b47d6] Error 1
gmake[1]: Leaving directory '/home/jaros/gitProjects/c++/TDgame/build/CMakeFiles/CMakeTmp'
gmake: *** [Makefile:127: cmTC_b47d6/fast] Error 2



Determining if the alloca exist failed with the following output:
Change Dir: /home/jaros/gitProjects/c++/TDgame/build/CMakeFiles/CMakeTmp

Run Build Command(s):/usr/bin/gmake -f Makefile cmTC_e29bc/fast && /usr/bin/gmake  -f CMakeFiles/cmTC_e29bc.dir/build.make CMakeFiles/cmTC_e29bc.dir/build
gmake[1]: Entering directory '/home/jaros/gitProjects/c++/TDgame/build/CMakeFiles/CMakeTmp'
Building C object CMakeFiles/cmTC_e29bc.dir/CheckSymbolExists.c.o
/usr/bin/gcc   -idirafter "/home/jaros/gitProjects/c++/TDgame/libs/SDL/src/video/khronos"  -o CMakeFiles/cmTC_e29bc.dir/CheckSymbolExists.c.o -c /home/jaros/gitProjects/c++/TDgame/build/CMakeFiles/CMakeTmp/CheckSymbolExists.c
/home/jaros/gitProjects/c++/TDgame/build/CMakeFiles/CMakeTmp/CheckSymbolExists.c: In function ‘main’:
/home/jaros/gitProjects/c++/TDgame/build/CMakeFiles/CMakeTmp/CheckSymbolExists.c:8:19: error: ‘alloca’ undeclared (first use in this function); did you mean ‘valloc’?
    8 |   return ((int*)(&alloca))[argc];
      |                   ^~~~~~
      |                   valloc
/home/jaros/gitProjects/c++/TDgame/build/CMakeFiles/CMakeTmp/CheckSymbolExists.c:8:19: note: each undeclared identifier is reported only once for each function it appears in
gmake[1]: *** [CMakeFiles/cmTC_e29bc.dir/build.make:78: CMakeFiles/cmTC_e29bc.dir/CheckSymbolExists.c.o] Error 1
gmake[1]: Leaving directory '/home/jaros/gitProjects/c++/TDgame/build/CMakeFiles/CMakeTmp'
gmake: *** [Makefile:127: cmTC_e29bc/fast] Error 2


File /home/jaros/gitProjects/c++/TDgame/build/CMakeFiles/CMakeTmp/CheckSymbolExists.c:
/* */
#include <malloc.h>

int main(int argc, char** argv)
{
  (void)argv;
#ifndef alloca
  return ((int*)(&alloca))[argc];
#else
  (void)argc;
  return 0;
#endif
}
Determining if the include file audio/audiolib.h exists failed with the following output:
Change Dir: /home/jaros/gitProjects/c++/TDgame/build/CMakeFiles/CMakeTmp

Run Build Command(s):/usr/bin/gmake -f Makefile cmTC_bbc53/fast && /usr/bin/gmake  -f CMakeFiles/cmTC_bbc53.dir/build.make CMakeFiles/cmTC_bbc53.dir/build
gmake[1]: Entering directory '/home/jaros/gitProjects/c++/TDgame/build/CMakeFiles/CMakeTmp'
Building C object CMakeFiles/cmTC_bbc53.dir/CheckIncludeFile.c.o
/usr/bin/gcc   -idirafter "/home/jaros/gitProjects/c++/TDgame/libs/SDL/src/video/khronos"  -o CMakeFiles/cmTC_bbc53.dir/CheckIncludeFile.c.o -c /home/jaros/gitProjects/c++/TDgame/build/CMakeFiles/CMakeTmp/CheckIncludeFile.c
/home/jaros/gitProjects/c++/TDgame/build/CMakeFiles/CMakeTmp/CheckIncludeFile.c:1:10: fatal error: audio/audiolib.h: No such file or directory
    1 | #include <audio/audiolib.h>
      |          ^~~~~~~~~~~~~~~~~~
compilation terminated.
gmake[1]: *** [CMakeFiles/cmTC_bbc53.dir/build.make:78: CMakeFiles/cmTC_bbc53.dir/CheckIncludeFile.c.o] Error 1
gmake[1]: Leaving directory '/home/jaros/gitProjects/c++/TDgame/build/CMakeFiles/CMakeTmp'
gmake: *** [Makefile:127: cmTC_bbc53/fast] Error 2



Performing C SOURCE FILE Test HAVE_RPI failed with the following output:
Change Dir: /home/jaros/gitProjects/c++/TDgame/build/CMakeFiles/CMakeTmp

Run Build Command(s):/usr/bin/gmake -f Makefile cmTC_3eb65/fast && /usr/bin/gmake  -f CMakeFiles/cmTC_3eb65.dir/build.make CMakeFiles/cmTC_3eb65.dir/build
gmake[1]: Entering directory '/home/jaros/gitProjects/c++/TDgame/build/CMakeFiles/CMakeTmp'
Building C object CMakeFiles/cmTC_3eb65.dir/src.c.o
/usr/bin/gcc -DHAVE_RPI  -idirafter "/home/jaros/gitProjects/c++/TDgame/libs/SDL/src/video/khronos"   -I/opt/vc/include -I/opt/vc/include/interface/vcos/pthreads -I/opt/vc/include/interface/vmcs_host/linux/  -L/opt/vc/lib -o CMakeFiles/cmTC_3eb65.dir/src.c.o -c /home/jaros/gitProjects/c++/TDgame/build/CMakeFiles/CMakeTmp/src.c
/home/jaros/gitProjects/c++/TDgame/build/CMakeFiles/CMakeTmp/src.c:2:18: fatal error: bcm_host.h: No such file or directory
    2 |         #include <bcm_host.h>
      |                  ^~~~~~~~~~~~
compilation terminated.
gmake[1]: *** [CMakeFiles/cmTC_3eb65.dir/build.make:78: CMakeFiles/cmTC_3eb65.dir/src.c.o] Error 1
gmake[1]: Leaving directory '/home/jaros/gitProjects/c++/TDgame/build/CMakeFiles/CMakeTmp'
gmake: *** [Makefile:127: cmTC_3eb65/fast] Error 2


Source file was:

        #include <bcm_host.h>
        #include <EGL/eglplatform.h>
        int main(int argc, char **argv) {
          EGL_DISPMANX_WINDOW_T window;
          bcm_host_init();
        }
Performing C SOURCE FILE Test HAVE_VIVANTE_VDK failed with the following output:
Change Dir: /home/jaros/gitProjects/c++/TDgame/build/CMakeFiles/CMakeTmp

Run Build Command(s):/usr/bin/gmake -f Makefile cmTC_ef82e/fast && /usr/bin/gmake  -f CMakeFiles/cmTC_ef82e.dir/build.make CMakeFiles/cmTC_ef82e.dir/build
gmake[1]: Entering directory '/home/jaros/gitProjects/c++/TDgame/build/CMakeFiles/CMakeTmp'
Building C object CMakeFiles/cmTC_ef82e.dir/src.c.o
/usr/bin/gcc -DHAVE_VIVANTE_VDK  -idirafter "/home/jaros/gitProjects/c++/TDgame/libs/SDL/src/video/khronos"  -o CMakeFiles/cmTC_ef82e.dir/src.c.o -c /home/jaros/gitProjects/c++/TDgame/build/CMakeFiles/CMakeTmp/src.c
/home/jaros/gitProjects/c++/TDgame/build/CMakeFiles/CMakeTmp/src.c:2:18: fatal error: gc_vdk.h: No such file or directory
    2 |         #include <gc_vdk.h>
      |                  ^~~~~~~~~~
compilation terminated.
gmake[1]: *** [CMakeFiles/cmTC_ef82e.dir/build.make:78: CMakeFiles/cmTC_ef82e.dir/src.c.o] Error 1
gmake[1]: Leaving directory '/home/jaros/gitProjects/c++/TDgame/build/CMakeFiles/CMakeTmp'
gmake: *** [Makefile:127: cmTC_ef82e/fast] Error 2


Source file was:

        #include <gc_vdk.h>
        int main(int argc, char** argv) { return 0; }
Performing C SOURCE FILE Test HAVE_VIVANTE_EGL_FB failed with the following output:
Change Dir: /home/jaros/gitProjects/c++/TDgame/build/CMakeFiles/CMakeTmp

Run Build Command(s):/usr/bin/gmake -f Makefile cmTC_b7ade/fast && /usr/bin/gmake  -f CMakeFiles/cmTC_b7ade.dir/build.make CMakeFiles/cmTC_b7ade.dir/build
gmake[1]: Entering directory '/home/jaros/gitProjects/c++/TDgame/build/CMakeFiles/CMakeTmp'
Building C object CMakeFiles/cmTC_b7ade.dir/src.c.o
/usr/bin/gcc -DHAVE_VIVANTE_EGL_FB  -idirafter "/home/jaros/gitProjects/c++/TDgame/libs/SDL/src/video/khronos"  -o CMakeFiles/cmTC_b7ade.dir/src.c.o -c /home/jaros/gitProjects/c++/TDgame/build/CMakeFiles/CMakeTmp/src.c
/home/jaros/gitProjects/c++/TDgame/build/CMakeFiles/CMakeTmp/src.c:4:18: fatal error: EGL/eglvivante.h: No such file or directory
    4 |         #include <EGL/eglvivante.h>
      |                  ^~~~~~~~~~~~~~~~~~
compilation terminated.
gmake[1]: *** [CMakeFiles/cmTC_b7ade.dir/build.make:78: CMakeFiles/cmTC_b7ade.dir/src.c.o] Error 1
gmake[1]: Leaving directory '/home/jaros/gitProjects/c++/TDgame/build/CMakeFiles/CMakeTmp'
gmake: *** [Makefile:127: cmTC_b7ade/fast] Error 2


Source file was:

        #define LINUX
        #define EGL_API_FB
        #include <EGL/eglvivante.h>
        int main(int argc, char** argv) { return 0; }
Determining if files pthread_np.h exist failed with the following output:
Change Dir: /home/jaros/gitProjects/c++/TDgame/build/CMakeFiles/CMakeTmp

Run Build Command(s):/usr/bin/gmake -f Makefile cmTC_fdd03/fast && /usr/bin/gmake  -f CMakeFiles/cmTC_fdd03.dir/build.make CMakeFiles/cmTC_fdd03.dir/build
gmake[1]: Entering directory '/home/jaros/gitProjects/c++/TDgame/build/CMakeFiles/CMakeTmp'
Building C object CMakeFiles/cmTC_fdd03.dir/HAVE_PTHREAD_NP_H.c.o
/usr/bin/gcc   -idirafter "/home/jaros/gitProjects/c++/TDgame/libs/SDL/src/video/khronos"  -D_REENTRANT -pthread -o CMakeFiles/cmTC_fdd03.dir/HAVE_PTHREAD_NP_H.c.o -c /home/jaros/gitProjects/c++/TDgame/build/CMakeFiles/CheckIncludeFiles/HAVE_PTHREAD_NP_H.c
/home/jaros/gitProjects/c++/TDgame/build/CMakeFiles/CheckIncludeFiles/HAVE_PTHREAD_NP_H.c:2:10: fatal error: pthread_np.h: No such file or directory
    2 | #include <pthread_np.h>
      |          ^~~~~~~~~~~~~~
compilation terminated.
gmake[1]: *** [CMakeFiles/cmTC_fdd03.dir/build.make:78: CMakeFiles/cmTC_fdd03.dir/HAVE_PTHREAD_NP_H.c.o] Error 1
gmake[1]: Leaving directory '/home/jaros/gitProjects/c++/TDgame/build/CMakeFiles/CMakeTmp'
gmake: *** [Makefile:127: cmTC_fdd03/fast] Error 2


Source:
/* */
#include <pthread_np.h>


int main(void){return 0;}

Determining if the include file samplerate.h exists failed with the following output:
Change Dir: /home/jaros/gitProjects/c++/TDgame/build/CMakeFiles/CMakeTmp

Run Build Command(s):/usr/bin/gmake -f Makefile cmTC_43e98/fast && /usr/bin/gmake  -f CMakeFiles/cmTC_43e98.dir/build.make CMakeFiles/cmTC_43e98.dir/build
gmake[1]: Entering directory '/home/jaros/gitProjects/c++/TDgame/build/CMakeFiles/CMakeTmp'
Building C object CMakeFiles/cmTC_43e98.dir/CheckIncludeFile.c.o
/usr/bin/gcc   -idirafter "/home/jaros/gitProjects/c++/TDgame/libs/SDL/src/video/khronos" -DHAVE_LINUX_VERSION_H  -o CMakeFiles/cmTC_43e98.dir/CheckIncludeFile.c.o -c /home/jaros/gitProjects/c++/TDgame/build/CMakeFiles/CMakeTmp/CheckIncludeFile.c
/home/jaros/gitProjects/c++/TDgame/build/CMakeFiles/CMakeTmp/CheckIncludeFile.c:1:10: fatal error: samplerate.h: No such file or directory
    1 | #include <samplerate.h>
      |          ^~~~~~~~~~~~~~
compilation terminated.
gmake[1]: *** [CMakeFiles/cmTC_43e98.dir/build.make:78: CMakeFiles/cmTC_43e98.dir/CheckIncludeFile.c.o] Error 1
gmake[1]: Leaving directory '/home/jaros/gitProjects/c++/TDgame/build/CMakeFiles/CMakeTmp'
gmake: *** [Makefile:127: cmTC_43e98/fast] Error 2



